<?xml version="1.0" encoding="UTF-8"?>
<!-- Generated by org.testng.reporters.JUnitXMLReporter -->
<testsuite ignored="1" hostname="Nikhil-LP" failures="0" tests="5" name="Default test" time="15.808" errors="0" timestamp="2025-01-19T12:47:56 IST">
  <testcase classname="api.Test.Contacts_CRUD" name="createUser" time="1.946"/>
  <testcase classname="api.Test.Contacts_CRUD" name="editContactDeatils" time="1.698"/>
  <testcase classname="api.Test.Contacts_CRUD" name="viewContactAfterUpdate" time="2.021"/>
  <testcase classname="api.Test.Contacts_CRUD" name="deleteContact" time="1.724"/>
  <testcase classname="api.Test.Contacts_CRUD" name="viewContactAfterDelete" time="1.905"/>
  <testcase classname="api.Test.Contacts_CRUD" name="viewContact" time="0.0">
    <ignored/>
  </testcase> <!-- viewContact -->
</testsuite> <!-- Default test -->
