<?xml version="1.0" encoding="UTF-8"?>
<!-- Generated by org.testng.reporters.JUnitXMLReporter -->
<testsuite ignored="0" hostname="Nikhil-LP" failures="0" tests="6" name="Default test" time="26.61" errors="0" timestamp="2025-01-14T12:42:11 IST">
  <testcase classname="api.Test.Contacts_CRUD" name="createUser" time="1.915"/>
  <testcase classname="api.Test.Contacts_CRUD" name="viewContact" time="1.536"/>
  <testcase classname="api.Test.Contacts_CRUD" name="editContactDeatils" time="1.666"/>
  <testcase classname="api.Test.Contacts_CRUD" name="viewContactAfterUpdate" time="1.559"/>
  <testcase classname="api.Test.Contacts_CRUD" name="deleteContact" time="1.778"/>
  <testcase classname="api.Test.Contacts_CRUD" name="viewContactAfterDelete" time="1.606"/>
</testsuite> <!-- Default test -->
