<?xml version="1.0" encoding="UTF-8"?>
<!-- Generated by org.testng.reporters.JUnitXMLReporter -->
<testsuite ignored="0" hostname="Nikhil-LP" failures="0" tests="4" name="Test" time="5.744" errors="0" timestamp="2025-01-01T11:51:38 IST">
  <testcase classname="api.Test.UserTest" name="createUser" time="3.03"/>
  <testcase classname="api.Test.UserTest" name="updateUser" time="0.555"/>
  <testcase classname="api.Test.UserTest2" name="createUser" time="0.526"/>
  <testcase classname="api.Test.UserTest2" name="updateUser" time="0.534"/>
</testsuite> <!-- Test -->
