<?xml version="1.0" encoding="UTF-8"?>
<!-- Generated by org.testng.reporters.JUnitXMLReporter -->
<testsuite ignored="1" hostname="Nikhil-LP" failures="1" tests="8" name="Test" time="21.714" errors="0" timestamp="2025-01-19T14:09:51 IST">
  <testcase classname="api.Test.Contacts_CRUD" name="createUser" time="1.966"/>
  <testcase classname="api.Test.Contacts_CRUD" name="editContactDeatils" time="2.189"/>
  <testcase classname="api.Test.Contacts_CRUD" name="viewContactAfterUpdate" time="2.031"/>
  <testcase classname="api.Test.Contacts_CRUD" name="deleteContact" time="2.054"/>
  <testcase classname="api.Test.Contacts_CRUD" name="viewContactAfterDelete" time="1.982">
    <skipped/>
  </testcase> <!-- viewContactAfterDelete -->
  <testcase classname="api.Test.Contacts_CRUD" name="viewContactAfterDelete" time="2.035">
    <skipped/>
  </testcase> <!-- viewContactAfterDelete -->
  <testcase classname="api.Test.Contacts_CRUD" name="viewContactAfterDelete" time="1.89">
    <skipped/>
  </testcase> <!-- viewContactAfterDelete -->
  <testcase classname="api.Test.Contacts_CRUD" name="viewContactAfterDelete" time="1.9">
    <failure type="java.lang.AssertionError" message="The following asserts failed:
	expected [206] but found [200],
	expected [206] but found [200],
	expected [206] but found [200],
	expected [206] but found [200]">
      <![CDATA[java.lang.AssertionError: The following asserts failed:
expected [206] but found [200],
expected [206] but found [200],
expected [206] but found [200],
expected [206] but found [200]
at api.Test.Contacts_CRUD.viewContactAfterDelete(Contacts_CRUD.java:217)
at java.base/java.util.ArrayList.forEach(ArrayList.java:1511)
... Removed 29 stack frames]]>
    </failure>
  </testcase> <!-- viewContactAfterDelete -->
  <testcase classname="api.Test.Contacts_CRUD" name="viewContact" time="0.0">
    <ignored/>
  </testcase> <!-- viewContact -->
</testsuite> <!-- Test -->
