<?xml version="1.0" encoding="UTF-8"?>
<!-- Generated by org.testng.reporters.JUnitXMLReporter -->
<testsuite ignored="0" hostname="Nikhil-LP" failures="0" tests="5" name="Test" time="10.917" errors="0" timestamp="2025-01-10T23:59:25 IST">
  <testcase classname="api.Test.UserTest" name="createUser" time="4.672"/>
  <testcase classname="api.Test.UserTest" name="updateUser" time="0.81"/>
  <testcase classname="api.Test.UserTest2" name="createUser" time="0.578"/>
  <testcase classname="api.Test.UserTest2" name="updateUser" time="0.806"/>
  <testcase classname="api.Test.Contacts_CRUD" name="setUpData" time="2.937"/>
</testsuite> <!-- Test -->
