<?xml version="1.0" encoding="UTF-8"?>
<!-- Generated by org.testng.reporters.JUnitXMLReporter -->
<testsuite ignored="1" hostname="Nikhil-LP" failures="1" tests="8" name="Test" time="31.865" errors="0" timestamp="2025-01-21T14:45:25 IST">
  <testcase classname="api.Test.Contacts_CRUD" name="createUser" time="1.911"/>
  <testcase classname="api.Test.Contacts_CRUD" name="editContactDeatils" time="1.752"/>
  <testcase classname="api.Test.Contacts_CRUD" name="viewContactAfterUpdate" time="2.02"/>
  <testcase classname="api.Test.Contacts_CRUD" name="deleteContact" time="1.836"/>
  <testcase classname="api.Test.Contacts_CRUD" name="viewContactAfterDelete" time="2.003">
    <skipped/>
  </testcase> <!-- viewContactAfterDelete -->
  <testcase classname="api.Test.Contacts_CRUD" name="viewContactAfterDelete" time="1.943">
    <skipped/>
  </testcase> <!-- viewContactAfterDelete -->
  <testcase classname="api.Test.Contacts_CRUD" name="viewContactAfterDelete" time="1.858">
    <skipped/>
  </testcase> <!-- viewContactAfterDelete -->
  <testcase classname="api.Test.Contacts_CRUD" name="viewContactAfterDelete" time="1.839">
    <failure type="java.lang.AssertionError" message="The following asserts failed:
	expected [206] but found [200],
	expected [206] but found [200],
	expected [206] but found [200],
	expected [206] but found [200]">
      <![CDATA[java.lang.AssertionError: The following asserts failed:
expected [206] but found [200],
expected [206] but found [200],
expected [206] but found [200],
expected [206] but found [200]
at api.Test.Contacts_CRUD.viewContactAfterDelete(Contacts_CRUD.java:217)
at java.base/java.util.ArrayList.forEach(ArrayList.java:1511)
... Removed 33 stack frames]]>
    </failure>
  </testcase> <!-- viewContactAfterDelete -->
  <testcase classname="api.Test.Contacts_CRUD" name="viewContact" time="0.0">
    <ignored/>
  </testcase> <!-- viewContact -->
</testsuite> <!-- Test -->
