<?xml version="1.0" encoding="UTF-8"?>
<testng-results ignored="0" total="10" passed="10" failed="0" skipped="0">
  <reporter-output>
  </reporter-output>
  <suite started-at="2025-01-15T18:47:08 IST" name="Suite" finished-at="2025-01-15T18:47:49 IST" duration-ms="40873">
    <groups>
    </groups>
    <test started-at="2025-01-15T18:47:08 IST" name="Test" finished-at="2025-01-15T18:47:49 IST" duration-ms="40873">
      <class name="api.Test.UserTest2">
        <test-method is-config="true" signature="setUpData()[pri:0, instance:api.Test.UserTest2@223d2c72]" started-at="2025-01-15T18:47:39 IST" name="setUpData" finished-at="2025-01-15T18:47:39 IST" duration-ms="58" status="PASS">
          <reporter-output>
          </reporter-output>
        </test-method> <!-- setUpData -->
        <test-method signature="createUser()[pri:1, instance:api.Test.UserTest2@223d2c72]" started-at="2025-01-15T18:47:39 IST" name="createUser" finished-at="2025-01-15T18:47:40 IST" duration-ms="582" status="PASS">
          <reporter-output>
          </reporter-output>
        </test-method> <!-- createUser -->
        <test-method signature="updateUser()[pri:2, instance:api.Test.UserTest2@223d2c72]" started-at="2025-01-15T18:47:40 IST" name="updateUser" finished-at="2025-01-15T18:47:40 IST" duration-ms="655" status="PASS">
          <reporter-output>
          </reporter-output>
        </test-method> <!-- updateUser -->
      </class> <!-- api.Test.UserTest2 -->
      <class name="api.Test.UserTest">
        <test-method is-config="true" signature="setUpData()[pri:0, instance:api.Test.UserTest@36bc55de]" started-at="2025-01-15T18:47:26 IST" name="setUpData" finished-at="2025-01-15T18:47:26 IST" duration-ms="282" status="PASS">
          <reporter-output>
          </reporter-output>
        </test-method> <!-- setUpData -->
        <test-method signature="createUser()[pri:1, instance:api.Test.UserTest@36bc55de]" started-at="2025-01-15T18:47:26 IST" name="createUser" finished-at="2025-01-15T18:47:38 IST" duration-ms="11875" status="PASS">
          <reporter-output>
          </reporter-output>
        </test-method> <!-- createUser -->
        <test-method signature="updateUser()[pri:2, instance:api.Test.UserTest@36bc55de]" started-at="2025-01-15T18:47:38 IST" name="updateUser" finished-at="2025-01-15T18:47:39 IST" duration-ms="680" status="PASS">
          <reporter-output>
          </reporter-output>
        </test-method> <!-- updateUser -->
      </class> <!-- api.Test.UserTest -->
      <class name="api.Test.Contacts_CRUD">
        <test-method is-config="true" signature="setUpData()[pri:0, instance:api.Test.Contacts_CRUD@8f4ea7c]" started-at="2025-01-15T18:47:09 IST" name="setUpData" finished-at="2025-01-15T18:47:26 IST" duration-ms="17276" status="PASS">
          <reporter-output>
          </reporter-output>
        </test-method> <!-- setUpData -->
        <test-method signature="createUser()[pri:1, instance:api.Test.Contacts_CRUD@8f4ea7c]" started-at="2025-01-15T18:47:40 IST" name="createUser" finished-at="2025-01-15T18:47:42 IST" duration-ms="1628" status="PASS">
          <reporter-output>
          </reporter-output>
        </test-method> <!-- createUser -->
        <test-method signature="viewContact()[pri:2, instance:api.Test.Contacts_CRUD@8f4ea7c]" started-at="2025-01-15T18:47:42 IST" name="viewContact" finished-at="2025-01-15T18:47:43 IST" duration-ms="1370" status="PASS">
          <reporter-output>
          </reporter-output>
        </test-method> <!-- viewContact -->
        <test-method signature="editContactDeatils()[pri:3, instance:api.Test.Contacts_CRUD@8f4ea7c]" started-at="2025-01-15T18:47:43 IST" name="editContactDeatils" finished-at="2025-01-15T18:47:45 IST" duration-ms="1646" status="PASS">
          <reporter-output>
          </reporter-output>
        </test-method> <!-- editContactDeatils -->
        <test-method signature="viewContactAfterUpdate()[pri:4, instance:api.Test.Contacts_CRUD@8f4ea7c]" started-at="2025-01-15T18:47:45 IST" name="viewContactAfterUpdate" finished-at="2025-01-15T18:47:46 IST" duration-ms="1357" status="PASS">
          <reporter-output>
          </reporter-output>
        </test-method> <!-- viewContactAfterUpdate -->
        <test-method signature="deleteContact()[pri:5, instance:api.Test.Contacts_CRUD@8f4ea7c]" started-at="2025-01-15T18:47:46 IST" name="deleteContact" finished-at="2025-01-15T18:47:48 IST" duration-ms="1542" status="PASS">
          <reporter-output>
          </reporter-output>
        </test-method> <!-- deleteContact -->
        <test-method signature="viewContactAfterDelete()[pri:6, instance:api.Test.Contacts_CRUD@8f4ea7c]" started-at="2025-01-15T18:47:48 IST" name="viewContactAfterDelete" finished-at="2025-01-15T18:47:49 IST" duration-ms="1402" status="PASS">
          <reporter-output>
          </reporter-output>
        </test-method> <!-- viewContactAfterDelete -->
      </class> <!-- api.Test.Contacts_CRUD -->
    </test> <!-- Test -->
  </suite> <!-- Suite -->
</testng-results>
