<?xml version="1.0" encoding="UTF-8"?>
<testng-results ignored="0" total="5" passed="5" failed="0" skipped="0">
  <reporter-output>
  </reporter-output>
  <suite started-at="2025-01-10T23:59:14 IST" name="Suite" finished-at="2025-01-10T23:59:24 IST" duration-ms="10917">
    <groups>
    </groups>
    <test started-at="2025-01-10T23:59:14 IST" name="Test" finished-at="2025-01-10T23:59:24 IST" duration-ms="10917">
      <class name="api.Test.UserTest2">
        <test-method is-config="true" signature="setUpData()[pri:0, instance:api.Test.UserTest2@6c64cb25]" started-at="2025-01-10T23:59:20 IST" name="setUpData" finished-at="2025-01-10T23:59:20 IST" duration-ms="55" status="PASS">
          <reporter-output>
          </reporter-output>
        </test-method> <!-- setUpData -->
        <test-method signature="createUser()[pri:1, instance:api.Test.UserTest2@6c64cb25]" started-at="2025-01-10T23:59:20 IST" name="createUser" finished-at="2025-01-10T23:59:21 IST" duration-ms="578" status="PASS">
          <reporter-output>
          </reporter-output>
        </test-method> <!-- createUser -->
        <test-method signature="updateUser()[pri:2, instance:api.Test.UserTest2@6c64cb25]" started-at="2025-01-10T23:59:21 IST" name="updateUser" finished-at="2025-01-10T23:59:21 IST" duration-ms="806" status="PASS">
          <reporter-output>
          </reporter-output>
        </test-method> <!-- updateUser -->
      </class> <!-- api.Test.UserTest2 -->
      <class name="api.Test.UserTest">
        <test-method is-config="true" signature="setUpData()[pri:0, instance:api.Test.UserTest@6d763516]" started-at="2025-01-10T23:59:14 IST" name="setUpData" finished-at="2025-01-10T23:59:15 IST" duration-ms="765" status="PASS">
          <reporter-output>
          </reporter-output>
        </test-method> <!-- setUpData -->
        <test-method signature="createUser()[pri:1, instance:api.Test.UserTest@6d763516]" started-at="2025-01-10T23:59:15 IST" name="createUser" finished-at="2025-01-10T23:59:19 IST" duration-ms="4672" status="PASS">
          <reporter-output>
          </reporter-output>
        </test-method> <!-- createUser -->
        <test-method signature="updateUser()[pri:2, instance:api.Test.UserTest@6d763516]" started-at="2025-01-10T23:59:19 IST" name="updateUser" finished-at="2025-01-10T23:59:20 IST" duration-ms="810" status="PASS">
          <reporter-output>
          </reporter-output>
        </test-method> <!-- updateUser -->
      </class> <!-- api.Test.UserTest -->
      <class name="api.Test.Contacts_CRUD">
        <test-method signature="setUpData()[pri:1, instance:api.Test.Contacts_CRUD@6ae5aa72]" started-at="2025-01-10T23:59:21 IST" name="setUpData" finished-at="2025-01-10T23:59:24 IST" duration-ms="2937" status="PASS">
          <reporter-output>
          </reporter-output>
        </test-method> <!-- setUpData -->
      </class> <!-- api.Test.Contacts_CRUD -->
    </test> <!-- Test -->
  </suite> <!-- Suite -->
</testng-results>
