<?xml version="1.0" encoding="UTF-8"?>
<testng-results ignored="0" total="6" passed="6" failed="0" skipped="0">
  <reporter-output>
  </reporter-output>
  <suite started-at="2025-01-14T12:41:45 IST" name="Default suite" finished-at="2025-01-14T12:42:11 IST" duration-ms="26610">
    <groups>
    </groups>
    <test started-at="2025-01-14T12:41:45 IST" name="Default test" finished-at="2025-01-14T12:42:11 IST" duration-ms="26610">
      <class name="api.Test.Contacts_CRUD">
        <test-method is-config="true" signature="setUpData()[pri:0, instance:api.Test.Contacts_CRUD@3f191845]" started-at="2025-01-14T12:41:45 IST" name="setUpData" finished-at="2025-01-14T12:42:01 IST" duration-ms="16482" status="PASS">
          <reporter-output>
          </reporter-output>
        </test-method> <!-- setUpData -->
        <test-method signature="createUser()[pri:1, instance:api.Test.Contacts_CRUD@3f191845]" started-at="2025-01-14T12:42:01 IST" name="createUser" finished-at="2025-01-14T12:42:03 IST" duration-ms="1915" status="PASS">
          <reporter-output>
          </reporter-output>
        </test-method> <!-- createUser -->
        <test-method signature="viewContact()[pri:2, instance:api.Test.Contacts_CRUD@3f191845]" started-at="2025-01-14T12:42:03 IST" name="viewContact" finished-at="2025-01-14T12:42:05 IST" duration-ms="1536" status="PASS">
          <reporter-output>
          </reporter-output>
        </test-method> <!-- viewContact -->
        <test-method signature="editContactDeatils()[pri:3, instance:api.Test.Contacts_CRUD@3f191845]" started-at="2025-01-14T12:42:05 IST" name="editContactDeatils" finished-at="2025-01-14T12:42:06 IST" duration-ms="1666" status="PASS">
          <reporter-output>
          </reporter-output>
        </test-method> <!-- editContactDeatils -->
        <test-method signature="viewContactAfterUpdate()[pri:4, instance:api.Test.Contacts_CRUD@3f191845]" started-at="2025-01-14T12:42:06 IST" name="viewContactAfterUpdate" finished-at="2025-01-14T12:42:08 IST" duration-ms="1559" status="PASS">
          <reporter-output>
          </reporter-output>
        </test-method> <!-- viewContactAfterUpdate -->
        <test-method signature="deleteContact()[pri:5, instance:api.Test.Contacts_CRUD@3f191845]" started-at="2025-01-14T12:42:08 IST" name="deleteContact" finished-at="2025-01-14T12:42:10 IST" duration-ms="1778" status="PASS">
          <reporter-output>
          </reporter-output>
        </test-method> <!-- deleteContact -->
        <test-method signature="viewContactAfterDelete()[pri:6, instance:api.Test.Contacts_CRUD@3f191845]" started-at="2025-01-14T12:42:10 IST" name="viewContactAfterDelete" finished-at="2025-01-14T12:42:11 IST" duration-ms="1606" status="PASS">
          <reporter-output>
          </reporter-output>
        </test-method> <!-- viewContactAfterDelete -->
      </class> <!-- api.Test.Contacts_CRUD -->
    </test> <!-- Default test -->
  </suite> <!-- Default suite -->
</testng-results>
